<?xml version="1.0" encoding="UTF-8"?>
<!-- Generated by org.testng.reporters.JUnitReportReporter -->
<testsuite hostname="LAPTOP-QKCURUKN" failures="0" tests="1" name="com.quantum.Homepage" time="16.648" errors="0" timestamp="2024-08-23T13:13:47 IST" skipped="0">
  <testcase classname="com.quantum.Homepage" name="VerifyHomepageLoadsSuccessfully" time="16.648"/>
</testsuite> <!-- com.quantum.Homepage -->
