<?xml version="1.0" encoding="UTF-8"?>
<!-- Generated by org.testng.reporters.JUnitReportReporter -->
<testsuite hostname="LAPTOP-QKCURUKN" failures="0" tests="1" name="com.quantum.Homepage" time="28.555" errors="0" timestamp="2024-04-03T19:45:43 IST" skipped="0">
  <testcase classname="com.quantum.Homepage" name="CheckforContactInformation" time="28.555"/>
</testsuite> <!-- com.quantum.Homepage -->
