<?xml version="1.0" encoding="UTF-8"?>
<!-- Generated by org.testng.reporters.JUnitReportReporter -->
<testsuite hostname="LAPTOP-QKCURUKN" failures="0" tests="1" name="com.quantum.Login" time="19.234" errors="0" timestamp="2024-04-03T15:32:49 IST" skipped="0">
  <testcase classname="com.quantum.Login" name="SocialMediaSignIn" time="19.234"/>
</testsuite> <!-- com.quantum.Login -->
